<?xml version="1.0" encoding="UTF-8"?>
<!-- Generated by org.testng.reporters.JUnitReportReporter -->
<testsuite hostname="abzal" failures="0" tests="1" name="Register.RegisterAccountTest" time="21.884" errors="0" timestamp="2023-07-12T12:04:04 IST" skipped="0">
  <testcase classname="Register.RegisterAccountTest" name="registerAccount" time="21.884"/>
</testsuite> <!-- Register.RegisterAccountTest -->
