<?xml version="1.0" encoding="UTF-8"?>
<!-- Generated by org.testng.reporters.JUnitReportReporter -->
<testsuite hostname="abzal" failures="0" tests="3" name="Tests.BookTicket" time="7.898" errors="0" timestamp="2023-07-13T08:03:51 IST" skipped="0">
  <testcase classname="Tests.BookTicket" name="SelectDateOfFlight" time="0.772"/>
  <testcase classname="Tests.BookTicket" name="EnterDetailsOfPassenger" time="0.321"/>
  <testcase classname="Tests.BookTicket" name="CheckTicketBookedOrNot" time="6.805"/>
</testsuite> <!-- Tests.BookTicket -->
