<?xml version="1.0" encoding="UTF-8"?>
<!-- Generated by org.testng.reporters.JUnitReportReporter -->
<testsuite hostname="abzal" failures="0" tests="1" name="Tests.LoginAccount" time="11.586" errors="0" timestamp="2023-07-13T08:03:51 IST" skipped="0">
  <testcase classname="Tests.LoginAccount" name="loginResgisterdAccount" time="11.586"/>
</testsuite> <!-- Tests.LoginAccount -->
