<?xml version="1.0" encoding="UTF-8"?>
<!-- Generated by org.testng.reporters.JUnitReportReporter -->
<testsuite hostname="abzal" failures="0" tests="1" name="base.Base1" time="0.015" errors="0" timestamp="2023-07-12T15:17:05 IST" skipped="0">
  <testcase classname="base.Base1" name="bas" time="0.015"/>
</testsuite> <!-- base.Base1 -->
