<?xml version="1.0" encoding="UTF-8"?>
<!-- Generated by org.testng.reporters.JUnitReportReporter -->
<testsuite hostname="abzal" failures="0" tests="1" name="Tests.RegisterAccountTest" time="1.766" errors="0" timestamp="2023-07-13T08:03:51 IST" skipped="0">
  <testcase classname="Tests.RegisterAccountTest" name="registerAccount" time="1.766"/>
</testsuite> <!-- Tests.RegisterAccountTest -->
